<?xml version="1.0" encoding="UTF-8"?>
<!-- Generated by org.testng.reporters.JUnitReportReporter -->
<testsuite hostname="SAM-PC" name="testPackage.multipleWindows" tests="1" failures="0" timestamp="28 Apr 2018 06:27:32 GMT" time="80.251" errors="0">
  <testcase name="TestFB" time="80.251" classname="testPackage.multipleWindows"/>
</testsuite> <!-- testPackage.multipleWindows -->
