<?xml version="1.0" encoding="UTF-8"?>
<!-- Generated by org.testng.reporters.JUnitReportReporter -->
<testsuite hostname="SAM-PC" name="testPackage.ScreenCapture" tests="1" failures="0" timestamp="28 Apr 2018 06:27:33 GMT" time="30.220" errors="0">
  <testcase name="ScreenCapture" time="30.220" classname="testPackage.ScreenCapture"/>
</testsuite> <!-- testPackage.ScreenCapture -->
