<?xml version="1.0" encoding="UTF-8"?>
<!-- Generated by org.testng.reporters.JUnitReportReporter -->
<testsuite hostname="SAM-PC" name="testPackage.FileLoadRobotTest" tests="1" failures="0" timestamp="28 Apr 2018 06:27:32 GMT" time="59.159" errors="0">
  <testcase name="FileLoadRobotTest" time="59.159" classname="testPackage.FileLoadRobotTest"/>
</testsuite> <!-- testPackage.FileLoadRobotTest -->
