<?xml version="1.0" encoding="UTF-8"?>
<!-- Generated by org.testng.reporters.JUnitReportReporter -->
<testsuite hostname="SAM-PC" name="testPackage.DatePickerMakeMyTrip" tests="1" failures="0" timestamp="28 Apr 2018 06:27:32 GMT" time="52.437" errors="0">
  <testcase name="PickDate" time="52.437" classname="testPackage.DatePickerMakeMyTrip"/>
</testsuite> <!-- testPackage.DatePickerMakeMyTrip -->
