<?xml version="1.0" encoding="UTF-8"?>
<!-- Generated by org.testng.reporters.JUnitReportReporter -->
<testsuite hostname="SAM-PC" name="testPackage.DatePicker" tests="1" failures="0" timestamp="28 Apr 2018 18:47:56 GMT" time="24.365" errors="0">
  <testcase name="PickDate" time="24.365" classname="testPackage.DatePicker"/>
</testsuite> <!-- testPackage.DatePicker -->
