<?xml version="1.0" encoding="UTF-8"?>
<!-- Generated by org.testng.reporters.JUnitReportReporter -->
<testsuite hostname="SAM-PC" name="testPackage.FileLoadRobotTest" tests="1" failures="0" timestamp="30 Apr 2018 20:55:20 GMT" time="35.219" errors="0">
  <testcase name="FileLoadRobotTest" time="35.219" classname="testPackage.FileLoadRobotTest"/>
</testsuite> <!-- testPackage.FileLoadRobotTest -->
